<?xml version="1.0" encoding="UTF-8"?>
<!-- Generated by org.testng.reporters.JUnitReportReporter -->
<testsuite skipped="0" hostname="DESKTOP-U3UA2VB" name="com.qa.corpository.tests.AccountPageTest" tests="7" failures="0" timestamp="2020-11-30T18:27:17 IST" time="0.841" errors="0">
  <testcase name="accountPageTitleTest" time="0.032" classname="com.qa.corpository.tests.AccountPageTest"/>
  <system-out/>
  <testcase name="accountPageSectionCountTest" time="0.040" classname="com.qa.corpository.tests.AccountPageTest"/>
  <system-out/>
  <testcase name="accountPageSectionListTest" time="0.144" classname="com.qa.corpository.tests.AccountPageTest"/>
  <system-out/>
  <testcase name="accountPageHeaderTest" time="0.037" classname="com.qa.corpository.tests.AccountPageTest"/>
  <system-out/>
  <testcase name="accountSearchFieldAvailablityTest" time="0.066" classname="com.qa.corpository.tests.AccountPageTest"/>
  <system-out/>
  <testcase name="accountSearchFieldEnabledTest" time="0.047" classname="com.qa.corpository.tests.AccountPageTest"/>
  <system-out/>
  <testcase name="productSearchTest" time="0.475" classname="com.qa.corpository.tests.AccountPageTest"/>
  <system-out/>
</testsuite> <!-- com.qa.corpository.tests.AccountPageTest -->
