<?xml version="1.0" encoding="UTF-8"?>
<!-- Generated by org.testng.reporters.JUnitReportReporter -->
<testsuite skipped="0" hostname="DESKTOP-U3UA2VB" name="com.qa.corpository.tests.LoginPageTest" tests="9" failures="0" timestamp="2020-11-30T18:27:17 IST" time="1.561" errors="0">
  <testcase name="verifyLoginPageTitleTest" time="0.049" classname="com.qa.corpository.tests.LoginPageTest"/>
  <system-out/>
  <testcase name="verifySerachFieldAvaibility" time="0.146" classname="com.qa.corpository.tests.LoginPageTest"/>
  <system-out/>
  <testcase name="verifyHeaderMenuLink" time="0.065" classname="com.qa.corpository.tests.LoginPageTest"/>
  <system-out/>
  <testcase name="verifyHeaderMenuList" time="0.226" classname="com.qa.corpository.tests.LoginPageTest"/>
  <system-out/>
  <testcase name="verifyRightMenucount" time="0.037" classname="com.qa.corpository.tests.LoginPageTest"/>
  <system-out/>
  <testcase name="verifyRightMenuList" time="0.258" classname="com.qa.corpository.tests.LoginPageTest"/>
  <system-out/>
  <testcase name="verifyFooterSectioncount" time="0.022" classname="com.qa.corpository.tests.LoginPageTest"/>
  <system-out/>
  <testcase name="verifyFooterSectionList" time="0.094" classname="com.qa.corpository.tests.LoginPageTest"/>
  <system-out/>
  <testcase name="verifyLoginTest" time="0.664" classname="com.qa.corpository.tests.LoginPageTest"/>
  <system-out/>
</testsuite> <!-- com.qa.corpository.tests.LoginPageTest -->
