<?xml version="1.0" encoding="UTF-8"?>
<!-- Generated by org.testng.reporters.JUnitReportReporter -->
<testsuite skipped="0" hostname="DESKTOP-U3UA2VB" name="com.qa.corpository.tests.RegistrationTest" tests="3" failures="0" timestamp="2020-11-30T14:51:33 IST" time="3.868" errors="0">
  <testcase name="verifyUserRegistrationDetails" time="0.975" classname="com.qa.corpository.tests.RegistrationTest"/>
  <system-out/>
  <testcase name="verifyUserRegistrationDetails" time="1.735" classname="com.qa.corpository.tests.RegistrationTest"/>
  <system-out/>
  <testcase name="verifyUserRegistrationDetails" time="1.158" classname="com.qa.corpository.tests.RegistrationTest"/>
  <system-out/>
</testsuite> <!-- com.qa.corpository.tests.RegistrationTest -->
