<?xml version="1.0" encoding="UTF-8"?>
<!-- Generated by org.testng.reporters.JUnitReportReporter -->
<testsuite skipped="0" hostname="DESKTOP-U3UA2VB" name="com.qa.flipkart.tests.GoogleResultTest" tests="2" failures="0" timestamp="2020-12-18T22:12:32 IST" time="5.382" errors="0">
  <testcase name="googleResultCountTest" time="0.031" classname="com.qa.flipkart.tests.GoogleResultTest"/>
  <system-out/>
  <testcase name="googleResultLinkTest" time="5.351" classname="com.qa.flipkart.tests.GoogleResultTest"/>
  <system-out/>
</testsuite> <!-- com.qa.flipkart.tests.GoogleResultTest -->
